<?xml version="1.0" encoding="UTF-8"?>
<!-- Generated by org.testng.reporters.JUnitXMLReporter -->
<testsuite ignored="0" hostname="Samarth" failures="1" tests="10" name="Test" time="0.123" errors="0" timestamp="05 Dec. 2020 17:11:23 GMT">
  <testcase classname="test.Testing1" name="Test1" time="0.008"/>
  <testcase classname="test.Testing1" name="Test2" time="0.002"/>
  <testcase classname="test.Testing1" name="Test3" time="0.001"/>
  <testcase classname="test.Testing1" name="testDP" time="0.004"/>
  <testcase classname="test.Testing1" name="testDP" time="0.003"/>
  <testcase classname="test.Testing2" name="test4" time="0.003"/>
  <testcase classname="test.Testing2" name="test5" time="0.003"/>
  <testcase classname="test.Testing4" name="homeTest" time="0.007">
    <failure type="java.lang.AssertionError" message="Verifying Element expected [true] but found [false]">
      <![CDATA[java.lang.AssertionError: Verifying Element expected [true] but found [false]
at test.Testing4.homeTest(Testing4.java:16)
... Removed 28 stack frames]]>
    </failure>
  </testcase> <!-- homeTest -->
  <testcase classname="test.Testing4" name="mainTest" time="0.002">
    <skipped/>
  </testcase> <!-- mainTest -->
  <testcase classname="test.Testing4" name="deleteUser" time="0.0">
    <skipped/>
  </testcase> <!-- deleteUser -->
</testsuite> <!-- Test -->
