<?xml version="1.0" encoding="UTF-8"?>
<!-- Generated by org.testng.reporters.JUnitXMLReporter -->
<testsuite hostname="Samarth" ignored="0" name="Surefire test" tests="10" failures="1" timestamp="05 Dec 2020 17:27:47 GMT" time="0.109" errors="0">
  <testcase name="Test1" time="0.002" classname="test.Testing1"/>
  <testcase name="Test2" time="0.0" classname="test.Testing1"/>
  <testcase name="Test3" time="0.002" classname="test.Testing1"/>
  <testcase name="testDP" time="0.0" classname="test.Testing1"/>
  <testcase name="testDP" time="0.0" classname="test.Testing1"/>
  <testcase name="test4" time="0.0" classname="test.Testing2"/>
  <testcase name="test5" time="0.0" classname="test.Testing2"/>
  <testcase name="homeTest" time="0.003" classname="test.Testing4">
    <failure type="java.lang.AssertionError" message="Verifying Element expected [true] but found [false]">
      <![CDATA[java.lang.AssertionError: Verifying Element expected [true] but found [false]
at test.Testing4.homeTest(Testing4.java:16)
... Removed 33 stack frames]]>
    </failure>
  </testcase> <!-- homeTest -->
  <testcase name="mainTest" time="0.0" classname="test.Testing4">
    <skipped/>
  </testcase> <!-- mainTest -->
  <testcase name="deleteUser" time="0.0" classname="test.Testing4">
    <skipped/>
  </testcase> <!-- deleteUser -->
</testsuite> <!-- Surefire test -->
