<?xml version="1.0" encoding="UTF-8"?>
<testng-results skipped="2" failed="1" ignored="0" total="10" passed="7">
  <reporter-output>
  </reporter-output>
  <suite name="Surefire suite" duration-ms="109" started-at="2020-12-05T17:27:47Z" finished-at="2020-12-05T17:27:47Z">
    <groups>
      <group name="smoke">
        <method signature="Testing4.mainTest()[pri:2, instance:test.Testing4@15975490]" name="mainTest" class="test.Testing4"/>
      </group> <!-- smoke -->
      <group name="sanity">
        <method signature="Testing4.mainTest()[pri:2, instance:test.Testing4@15975490]" name="mainTest" class="test.Testing4"/>
      </group> <!-- sanity -->
      <group name="sam">
        <method signature="Testing4.deleteUser()[pri:3, instance:test.Testing4@15975490]" name="deleteUser" class="test.Testing4"/>
      </group> <!-- sam -->
    </groups>
    <test name="Surefire test" duration-ms="109" started-at="2020-12-05T17:27:47Z" finished-at="2020-12-05T17:27:47Z">
      <class name="test.Testing2">
        <test-method status="PASS" signature="test4()[pri:0, instance:test.Testing2@47f6473]" name="test4" duration-ms="0" started-at="2020-12-05T17:27:47Z" finished-at="2020-12-05T17:27:47Z">
          <reporter-output>
          </reporter-output>
        </test-method> <!-- test4 -->
        <test-method status="PASS" signature="test5()[pri:0, instance:test.Testing2@47f6473]" name="test5" duration-ms="0" started-at="2020-12-05T17:27:47Z" finished-at="2020-12-05T17:27:47Z">
          <reporter-output>
          </reporter-output>
        </test-method> <!-- test5 -->
      </class> <!-- test.Testing2 -->
      <class name="test.Testing1">
        <test-method status="PASS" signature="beforeSuite()[pri:0, instance:test.Testing1@90f6bfd]" name="beforeSuite" is-config="true" duration-ms="23" started-at="2020-12-05T17:27:47Z" finished-at="2020-12-05T17:27:47Z">
          <reporter-output>
          </reporter-output>
        </test-method> <!-- beforeSuite -->
        <test-method status="PASS" signature="beforeTest()[pri:0, instance:test.Testing1@90f6bfd]" name="beforeTest" is-config="true" duration-ms="2" started-at="2020-12-05T17:27:47Z" finished-at="2020-12-05T17:27:47Z">
          <reporter-output>
          </reporter-output>
        </test-method> <!-- beforeTest -->
        <test-method status="PASS" signature="beforeClass()[pri:0, instance:test.Testing1@90f6bfd]" name="beforeClass" is-config="true" duration-ms="1" started-at="2020-12-05T17:27:47Z" finished-at="2020-12-05T17:27:47Z">
          <reporter-output>
          </reporter-output>
        </test-method> <!-- beforeClass -->
        <test-method status="PASS" signature="beforeMethod()[pri:0, instance:test.Testing1@90f6bfd]" name="beforeMethod" is-config="true" duration-ms="0" started-at="2020-12-05T17:27:47Z" finished-at="2020-12-05T17:27:47Z">
          <reporter-output>
          </reporter-output>
        </test-method> <!-- beforeMethod -->
        <test-method status="PASS" signature="Test1()[pri:0, instance:test.Testing1@90f6bfd]" name="Test1" duration-ms="2" started-at="2020-12-05T17:27:47Z" finished-at="2020-12-05T17:27:47Z">
          <reporter-output>
          </reporter-output>
        </test-method> <!-- Test1 -->
        <test-method status="PASS" signature="afterMethod()[pri:0, instance:test.Testing1@90f6bfd]" name="afterMethod" is-config="true" duration-ms="1" started-at="2020-12-05T17:27:47Z" finished-at="2020-12-05T17:27:47Z">
          <reporter-output>
          </reporter-output>
        </test-method> <!-- afterMethod -->
        <test-method status="PASS" signature="beforeMethod()[pri:0, instance:test.Testing1@90f6bfd]" name="beforeMethod" is-config="true" duration-ms="1" started-at="2020-12-05T17:27:47Z" finished-at="2020-12-05T17:27:47Z">
          <reporter-output>
          </reporter-output>
        </test-method> <!-- beforeMethod -->
        <test-method status="PASS" signature="Test2()[pri:0, instance:test.Testing1@90f6bfd]" name="Test2" duration-ms="0" started-at="2020-12-05T17:27:47Z" finished-at="2020-12-05T17:27:47Z">
          <reporter-output>
          </reporter-output>
        </test-method> <!-- Test2 -->
        <test-method status="PASS" signature="afterMethod()[pri:0, instance:test.Testing1@90f6bfd]" name="afterMethod" is-config="true" duration-ms="0" started-at="2020-12-05T17:27:47Z" finished-at="2020-12-05T17:27:47Z">
          <reporter-output>
          </reporter-output>
        </test-method> <!-- afterMethod -->
        <test-method status="PASS" signature="beforeMethod()[pri:0, instance:test.Testing1@90f6bfd]" name="beforeMethod" is-config="true" duration-ms="3" started-at="2020-12-05T17:27:47Z" finished-at="2020-12-05T17:27:47Z">
          <reporter-output>
          </reporter-output>
        </test-method> <!-- beforeMethod -->
        <test-method status="PASS" signature="Test3()[pri:0, instance:test.Testing1@90f6bfd]" name="Test3" duration-ms="2" started-at="2020-12-05T17:27:47Z" finished-at="2020-12-05T17:27:47Z">
          <reporter-output>
          </reporter-output>
        </test-method> <!-- Test3 -->
        <test-method status="PASS" signature="afterMethod()[pri:0, instance:test.Testing1@90f6bfd]" name="afterMethod" is-config="true" duration-ms="0" started-at="2020-12-05T17:27:47Z" finished-at="2020-12-05T17:27:47Z">
          <reporter-output>
          </reporter-output>
        </test-method> <!-- afterMethod -->
        <test-method status="PASS" signature="beforeMethod()[pri:0, instance:test.Testing1@90f6bfd]" name="beforeMethod" is-config="true" duration-ms="1" started-at="2020-12-05T17:27:47Z" finished-at="2020-12-05T17:27:47Z">
          <reporter-output>
          </reporter-output>
        </test-method> <!-- beforeMethod -->
        <test-method status="PASS" signature="afterMethod()[pri:0, instance:test.Testing1@90f6bfd]" name="afterMethod" is-config="true" duration-ms="1" started-at="2020-12-05T17:27:47Z" finished-at="2020-12-05T17:27:47Z">
          <reporter-output>
          </reporter-output>
        </test-method> <!-- afterMethod -->
        <test-method status="PASS" signature="testDP(java.lang.Integer, java.lang.String)[pri:0, instance:test.Testing1@90f6bfd]" name="testDP" duration-ms="0" started-at="2020-12-05T17:27:47Z" data-provider="dp" finished-at="2020-12-05T17:27:47Z">
          <params>
            <param index="0">
              <value>
                <![CDATA[1]]>
              </value>
            </param>
            <param index="1">
              <value>
                <![CDATA[a]]>
              </value>
            </param>
          </params>
          <reporter-output>
          </reporter-output>
        </test-method> <!-- testDP -->
        <test-method status="PASS" signature="beforeMethod()[pri:0, instance:test.Testing1@90f6bfd]" name="beforeMethod" is-config="true" duration-ms="0" started-at="2020-12-05T17:27:47Z" finished-at="2020-12-05T17:27:47Z">
          <reporter-output>
          </reporter-output>
        </test-method> <!-- beforeMethod -->
        <test-method status="PASS" signature="testDP(java.lang.Integer, java.lang.String)[pri:0, instance:test.Testing1@90f6bfd]" name="testDP" duration-ms="0" started-at="2020-12-05T17:27:47Z" data-provider="dp" finished-at="2020-12-05T17:27:47Z">
          <params>
            <param index="0">
              <value>
                <![CDATA[2]]>
              </value>
            </param>
            <param index="1">
              <value>
                <![CDATA[b]]>
              </value>
            </param>
          </params>
          <reporter-output>
          </reporter-output>
        </test-method> <!-- testDP -->
        <test-method status="PASS" signature="afterMethod()[pri:0, instance:test.Testing1@90f6bfd]" name="afterMethod" is-config="true" duration-ms="0" started-at="2020-12-05T17:27:47Z" finished-at="2020-12-05T17:27:47Z">
          <reporter-output>
          </reporter-output>
        </test-method> <!-- afterMethod -->
        <test-method status="PASS" signature="afterClass()[pri:0, instance:test.Testing1@90f6bfd]" name="afterClass" is-config="true" duration-ms="1" started-at="2020-12-05T17:27:47Z" finished-at="2020-12-05T17:27:47Z">
          <reporter-output>
          </reporter-output>
        </test-method> <!-- afterClass -->
        <test-method status="PASS" signature="afterTest()[pri:0, instance:test.Testing1@90f6bfd]" name="afterTest" is-config="true" duration-ms="0" started-at="2020-12-05T17:27:47Z" finished-at="2020-12-05T17:27:47Z">
          <reporter-output>
          </reporter-output>
        </test-method> <!-- afterTest -->
        <test-method status="PASS" signature="afterSuite()[pri:0, instance:test.Testing1@90f6bfd]" name="afterSuite" is-config="true" duration-ms="0" started-at="2020-12-05T17:27:47Z" finished-at="2020-12-05T17:27:47Z">
          <reporter-output>
          </reporter-output>
        </test-method> <!-- afterSuite -->
      </class> <!-- test.Testing1 -->
      <class name="test.Testing4">
        <test-method status="FAIL" signature="homeTest()[pri:1, instance:test.Testing4@15975490]" name="homeTest" duration-ms="3" started-at="2020-12-05T17:27:47Z" finished-at="2020-12-05T17:27:47Z">
          <exception class="java.lang.AssertionError">
            <message>
              <![CDATA[Verifying Element expected [true] but found [false]]]>
            </message>
            <full-stacktrace>
              <![CDATA[java.lang.AssertionError: Verifying Element expected [true] but found [false]
at org.testng.Assert.fail(Assert.java:96)
at org.testng.Assert.failNotEquals(Assert.java:776)
at org.testng.Assert.assertTrue(Assert.java:44)
at test.Testing4.homeTest(Testing4.java:16)
at sun.reflect.NativeMethodAccessorImpl.invoke0(Native Method)
at sun.reflect.NativeMethodAccessorImpl.invoke(NativeMethodAccessorImpl.java:62)
at sun.reflect.DelegatingMethodAccessorImpl.invoke(DelegatingMethodAccessorImpl.java:43)
at java.lang.reflect.Method.invoke(Method.java:498)
at org.testng.internal.MethodInvocationHelper.invokeMethod(MethodInvocationHelper.java:124)
at org.testng.internal.Invoker.invokeMethod(Invoker.java:583)
at org.testng.internal.Invoker.invokeTestMethod(Invoker.java:719)
at org.testng.internal.Invoker.invokeTestMethods(Invoker.java:989)
at org.testng.internal.TestMethodWorker.invokeTestMethods(TestMethodWorker.java:125)
at org.testng.internal.TestMethodWorker.run(TestMethodWorker.java:109)
at org.testng.TestRunner.privateRun(TestRunner.java:648)
at org.testng.TestRunner.run(TestRunner.java:505)
at org.testng.SuiteRunner.runTest(SuiteRunner.java:455)
at org.testng.SuiteRunner.runSequentially(SuiteRunner.java:450)
at org.testng.SuiteRunner.privateRun(SuiteRunner.java:415)
at org.testng.SuiteRunner.run(SuiteRunner.java:364)
at org.testng.SuiteRunnerWorker.runSuite(SuiteRunnerWorker.java:52)
at org.testng.SuiteRunnerWorker.run(SuiteRunnerWorker.java:84)
at org.testng.TestNG.runSuitesSequentially(TestNG.java:1208)
at org.testng.TestNG.runSuitesLocally(TestNG.java:1137)
at org.testng.TestNG.runSuites(TestNG.java:1049)
at org.testng.TestNG.run(TestNG.java:1017)
at org.apache.maven.surefire.testng.TestNGExecutor.run(TestNGExecutor.java:135)
at org.apache.maven.surefire.testng.TestNGDirectoryTestSuite.executeMulti(TestNGDirectoryTestSuite.java:193)
at org.apache.maven.surefire.testng.TestNGDirectoryTestSuite.execute(TestNGDirectoryTestSuite.java:94)
at org.apache.maven.surefire.testng.TestNGProvider.invoke(TestNGProvider.java:146)
at org.apache.maven.surefire.booter.ForkedBooter.invokeProviderInSameClassLoader(ForkedBooter.java:384)
at org.apache.maven.surefire.booter.ForkedBooter.runSuitesInProcess(ForkedBooter.java:345)
at org.apache.maven.surefire.booter.ForkedBooter.execute(ForkedBooter.java:126)
at org.apache.maven.surefire.booter.ForkedBooter.main(ForkedBooter.java:418)
]]>
            </full-stacktrace>
          </exception> <!-- java.lang.AssertionError -->
          <reporter-output>
          </reporter-output>
        </test-method> <!-- homeTest -->
        <test-method status="SKIP" signature="mainTest()[pri:2, instance:test.Testing4@15975490]" name="mainTest" duration-ms="0" started-at="2020-12-05T17:27:47Z" depends-on-methods="test.Testing4.homeTest" finished-at="2020-12-05T17:27:47Z">
          <exception class="java.lang.Throwable">
            <message>
              <![CDATA[Method Testing4.mainTest()[pri:2, instance:test.Testing4@15975490] depends on not successfully finished methods]]>
            </message>
            <full-stacktrace>
              <![CDATA[java.lang.Throwable: Method Testing4.mainTest()[pri:2, instance:test.Testing4@15975490] depends on not successfully finished methods
at org.testng.internal.Invoker.invokeTestMethods(Invoker.java:888)
at org.testng.internal.TestMethodWorker.invokeTestMethods(TestMethodWorker.java:125)
at org.testng.internal.TestMethodWorker.run(TestMethodWorker.java:109)
at org.testng.TestRunner.privateRun(TestRunner.java:648)
at org.testng.TestRunner.run(TestRunner.java:505)
at org.testng.SuiteRunner.runTest(SuiteRunner.java:455)
at org.testng.SuiteRunner.runSequentially(SuiteRunner.java:450)
at org.testng.SuiteRunner.privateRun(SuiteRunner.java:415)
at org.testng.SuiteRunner.run(SuiteRunner.java:364)
at org.testng.SuiteRunnerWorker.runSuite(SuiteRunnerWorker.java:52)
at org.testng.SuiteRunnerWorker.run(SuiteRunnerWorker.java:84)
at org.testng.TestNG.runSuitesSequentially(TestNG.java:1208)
at org.testng.TestNG.runSuitesLocally(TestNG.java:1137)
at org.testng.TestNG.runSuites(TestNG.java:1049)
at org.testng.TestNG.run(TestNG.java:1017)
at org.apache.maven.surefire.testng.TestNGExecutor.run(TestNGExecutor.java:135)
at org.apache.maven.surefire.testng.TestNGDirectoryTestSuite.executeMulti(TestNGDirectoryTestSuite.java:193)
at org.apache.maven.surefire.testng.TestNGDirectoryTestSuite.execute(TestNGDirectoryTestSuite.java:94)
at org.apache.maven.surefire.testng.TestNGProvider.invoke(TestNGProvider.java:146)
at org.apache.maven.surefire.booter.ForkedBooter.invokeProviderInSameClassLoader(ForkedBooter.java:384)
at org.apache.maven.surefire.booter.ForkedBooter.runSuitesInProcess(ForkedBooter.java:345)
at org.apache.maven.surefire.booter.ForkedBooter.execute(ForkedBooter.java:126)
at org.apache.maven.surefire.booter.ForkedBooter.main(ForkedBooter.java:418)
]]>
            </full-stacktrace>
          </exception> <!-- java.lang.Throwable -->
          <reporter-output>
          </reporter-output>
        </test-method> <!-- mainTest -->
        <test-method status="SKIP" signature="deleteUser()[pri:3, instance:test.Testing4@15975490]" name="deleteUser" duration-ms="0" started-at="2020-12-05T17:27:47Z" depends-on-methods="test.Testing4.mainTest" finished-at="2020-12-05T17:27:47Z">
          <exception class="java.lang.Throwable">
            <message>
              <![CDATA[Method Testing4.deleteUser()[pri:3, instance:test.Testing4@15975490] depends on not successfully finished methods]]>
            </message>
            <full-stacktrace>
              <![CDATA[java.lang.Throwable: Method Testing4.deleteUser()[pri:3, instance:test.Testing4@15975490] depends on not successfully finished methods
at org.testng.internal.Invoker.invokeTestMethods(Invoker.java:888)
at org.testng.internal.TestMethodWorker.invokeTestMethods(TestMethodWorker.java:125)
at org.testng.internal.TestMethodWorker.run(TestMethodWorker.java:109)
at org.testng.TestRunner.privateRun(TestRunner.java:648)
at org.testng.TestRunner.run(TestRunner.java:505)
at org.testng.SuiteRunner.runTest(SuiteRunner.java:455)
at org.testng.SuiteRunner.runSequentially(SuiteRunner.java:450)
at org.testng.SuiteRunner.privateRun(SuiteRunner.java:415)
at org.testng.SuiteRunner.run(SuiteRunner.java:364)
at org.testng.SuiteRunnerWorker.runSuite(SuiteRunnerWorker.java:52)
at org.testng.SuiteRunnerWorker.run(SuiteRunnerWorker.java:84)
at org.testng.TestNG.runSuitesSequentially(TestNG.java:1208)
at org.testng.TestNG.runSuitesLocally(TestNG.java:1137)
at org.testng.TestNG.runSuites(TestNG.java:1049)
at org.testng.TestNG.run(TestNG.java:1017)
at org.apache.maven.surefire.testng.TestNGExecutor.run(TestNGExecutor.java:135)
at org.apache.maven.surefire.testng.TestNGDirectoryTestSuite.executeMulti(TestNGDirectoryTestSuite.java:193)
at org.apache.maven.surefire.testng.TestNGDirectoryTestSuite.execute(TestNGDirectoryTestSuite.java:94)
at org.apache.maven.surefire.testng.TestNGProvider.invoke(TestNGProvider.java:146)
at org.apache.maven.surefire.booter.ForkedBooter.invokeProviderInSameClassLoader(ForkedBooter.java:384)
at org.apache.maven.surefire.booter.ForkedBooter.runSuitesInProcess(ForkedBooter.java:345)
at org.apache.maven.surefire.booter.ForkedBooter.execute(ForkedBooter.java:126)
at org.apache.maven.surefire.booter.ForkedBooter.main(ForkedBooter.java:418)
]]>
            </full-stacktrace>
          </exception> <!-- java.lang.Throwable -->
          <reporter-output>
          </reporter-output>
        </test-method> <!-- deleteUser -->
      </class> <!-- test.Testing4 -->
    </test> <!-- Surefire test -->
  </suite> <!-- Surefire suite -->
</testng-results>
