<?xml version="1.0" encoding="UTF-8"?>
<testng-results ignored="0" total="10" passed="7" failed="1" skipped="2">
  <reporter-output>
  </reporter-output>
  <suite started-at="2020-12-05T17:11:22Z" name="Suite" finished-at="2020-12-05T17:11:22Z" duration-ms="123">
    <groups>
      <group name="smoke">
        <method signature="Testing4.mainTest()[pri:2, instance:test.Testing4@6236eb5f]" name="mainTest" class="test.Testing4"/>
      </group> <!-- smoke -->
      <group name="sanity">
        <method signature="Testing4.mainTest()[pri:2, instance:test.Testing4@6236eb5f]" name="mainTest" class="test.Testing4"/>
      </group> <!-- sanity -->
      <group name="sam">
        <method signature="Testing4.deleteUser()[pri:3, instance:test.Testing4@6236eb5f]" name="deleteUser" class="test.Testing4"/>
      </group> <!-- sam -->
    </groups>
    <test started-at="2020-12-05T17:11:22Z" name="Test" finished-at="2020-12-05T17:11:22Z" duration-ms="123">
      <class name="test.Testing2">
        <test-method signature="test4()[pri:0, instance:test.Testing2@394a2528]" started-at="2020-12-05T17:11:22Z" name="test4" finished-at="2020-12-05T17:11:22Z" duration-ms="3" status="PASS">
          <reporter-output>
          </reporter-output>
        </test-method> <!-- test4 -->
        <test-method signature="test5()[pri:0, instance:test.Testing2@394a2528]" started-at="2020-12-05T17:11:22Z" name="test5" finished-at="2020-12-05T17:11:22Z" duration-ms="3" status="PASS">
          <reporter-output>
          </reporter-output>
        </test-method> <!-- test5 -->
      </class> <!-- test.Testing2 -->
      <class name="test.Testing1">
        <test-method is-config="true" signature="beforeSuite()[pri:0, instance:test.Testing1@11fc564b]" started-at="2020-12-05T17:11:22Z" name="beforeSuite" finished-at="2020-12-05T17:11:22Z" duration-ms="15" status="PASS">
          <reporter-output>
          </reporter-output>
        </test-method> <!-- beforeSuite -->
        <test-method is-config="true" signature="beforeTest()[pri:0, instance:test.Testing1@11fc564b]" started-at="2020-12-05T17:11:22Z" name="beforeTest" finished-at="2020-12-05T17:11:22Z" duration-ms="1" status="PASS">
          <reporter-output>
          </reporter-output>
        </test-method> <!-- beforeTest -->
        <test-method is-config="true" signature="beforeClass()[pri:0, instance:test.Testing1@11fc564b]" started-at="2020-12-05T17:11:22Z" name="beforeClass" finished-at="2020-12-05T17:11:22Z" duration-ms="1" status="PASS">
          <reporter-output>
          </reporter-output>
        </test-method> <!-- beforeClass -->
        <test-method is-config="true" signature="beforeMethod()[pri:0, instance:test.Testing1@11fc564b]" started-at="2020-12-05T17:11:22Z" name="beforeMethod" finished-at="2020-12-05T17:11:22Z" duration-ms="1" status="PASS">
          <reporter-output>
          </reporter-output>
        </test-method> <!-- beforeMethod -->
        <test-method signature="Test1()[pri:0, instance:test.Testing1@11fc564b]" started-at="2020-12-05T17:11:22Z" name="Test1" finished-at="2020-12-05T17:11:22Z" duration-ms="8" status="PASS">
          <reporter-output>
          </reporter-output>
        </test-method> <!-- Test1 -->
        <test-method is-config="true" signature="afterMethod()[pri:0, instance:test.Testing1@11fc564b]" started-at="2020-12-05T17:11:22Z" name="afterMethod" finished-at="2020-12-05T17:11:22Z" duration-ms="0" status="PASS">
          <reporter-output>
          </reporter-output>
        </test-method> <!-- afterMethod -->
        <test-method is-config="true" signature="beforeMethod()[pri:0, instance:test.Testing1@11fc564b]" started-at="2020-12-05T17:11:22Z" name="beforeMethod" finished-at="2020-12-05T17:11:22Z" duration-ms="0" status="PASS">
          <reporter-output>
          </reporter-output>
        </test-method> <!-- beforeMethod -->
        <test-method signature="Test2()[pri:0, instance:test.Testing1@11fc564b]" started-at="2020-12-05T17:11:22Z" name="Test2" finished-at="2020-12-05T17:11:22Z" duration-ms="2" status="PASS">
          <reporter-output>
          </reporter-output>
        </test-method> <!-- Test2 -->
        <test-method is-config="true" signature="afterMethod()[pri:0, instance:test.Testing1@11fc564b]" started-at="2020-12-05T17:11:22Z" name="afterMethod" finished-at="2020-12-05T17:11:22Z" duration-ms="0" status="PASS">
          <reporter-output>
          </reporter-output>
        </test-method> <!-- afterMethod -->
        <test-method is-config="true" signature="beforeMethod()[pri:0, instance:test.Testing1@11fc564b]" started-at="2020-12-05T17:11:22Z" name="beforeMethod" finished-at="2020-12-05T17:11:22Z" duration-ms="0" status="PASS">
          <reporter-output>
          </reporter-output>
        </test-method> <!-- beforeMethod -->
        <test-method signature="Test3()[pri:0, instance:test.Testing1@11fc564b]" started-at="2020-12-05T17:11:22Z" name="Test3" finished-at="2020-12-05T17:11:22Z" duration-ms="1" status="PASS">
          <reporter-output>
          </reporter-output>
        </test-method> <!-- Test3 -->
        <test-method is-config="true" signature="afterMethod()[pri:0, instance:test.Testing1@11fc564b]" started-at="2020-12-05T17:11:22Z" name="afterMethod" finished-at="2020-12-05T17:11:22Z" duration-ms="1" status="PASS">
          <reporter-output>
          </reporter-output>
        </test-method> <!-- afterMethod -->
        <test-method is-config="true" signature="beforeMethod()[pri:0, instance:test.Testing1@11fc564b]" started-at="2020-12-05T17:11:22Z" name="beforeMethod" finished-at="2020-12-05T17:11:22Z" duration-ms="1" status="PASS">
          <reporter-output>
          </reporter-output>
        </test-method> <!-- beforeMethod -->
        <test-method signature="testDP(java.lang.Integer, java.lang.String)[pri:0, instance:test.Testing1@11fc564b]" started-at="2020-12-05T17:11:22Z" name="testDP" data-provider="dp" finished-at="2020-12-05T17:11:22Z" duration-ms="4" status="PASS">
          <params>
            <param index="0">
              <value>
                <![CDATA[1]]>
              </value>
            </param>
            <param index="1">
              <value>
                <![CDATA[a]]>
              </value>
            </param>
          </params>
          <reporter-output>
          </reporter-output>
        </test-method> <!-- testDP -->
        <test-method is-config="true" signature="afterMethod()[pri:0, instance:test.Testing1@11fc564b]" started-at="2020-12-05T17:11:22Z" name="afterMethod" finished-at="2020-12-05T17:11:22Z" duration-ms="1" status="PASS">
          <reporter-output>
          </reporter-output>
        </test-method> <!-- afterMethod -->
        <test-method is-config="true" signature="beforeMethod()[pri:0, instance:test.Testing1@11fc564b]" started-at="2020-12-05T17:11:22Z" name="beforeMethod" finished-at="2020-12-05T17:11:22Z" duration-ms="1" status="PASS">
          <reporter-output>
          </reporter-output>
        </test-method> <!-- beforeMethod -->
        <test-method signature="testDP(java.lang.Integer, java.lang.String)[pri:0, instance:test.Testing1@11fc564b]" started-at="2020-12-05T17:11:22Z" name="testDP" data-provider="dp" finished-at="2020-12-05T17:11:22Z" duration-ms="3" status="PASS">
          <params>
            <param index="0">
              <value>
                <![CDATA[2]]>
              </value>
            </param>
            <param index="1">
              <value>
                <![CDATA[b]]>
              </value>
            </param>
          </params>
          <reporter-output>
          </reporter-output>
        </test-method> <!-- testDP -->
        <test-method is-config="true" signature="afterMethod()[pri:0, instance:test.Testing1@11fc564b]" started-at="2020-12-05T17:11:22Z" name="afterMethod" finished-at="2020-12-05T17:11:22Z" duration-ms="1" status="PASS">
          <reporter-output>
          </reporter-output>
        </test-method> <!-- afterMethod -->
        <test-method is-config="true" signature="afterClass()[pri:0, instance:test.Testing1@11fc564b]" started-at="2020-12-05T17:11:22Z" name="afterClass" finished-at="2020-12-05T17:11:22Z" duration-ms="0" status="PASS">
          <reporter-output>
          </reporter-output>
        </test-method> <!-- afterClass -->
        <test-method is-config="true" signature="afterTest()[pri:0, instance:test.Testing1@11fc564b]" started-at="2020-12-05T17:11:22Z" name="afterTest" finished-at="2020-12-05T17:11:22Z" duration-ms="1" status="PASS">
          <reporter-output>
          </reporter-output>
        </test-method> <!-- afterTest -->
        <test-method is-config="true" signature="afterSuite()[pri:0, instance:test.Testing1@11fc564b]" started-at="2020-12-05T17:11:23Z" name="afterSuite" finished-at="2020-12-05T17:11:23Z" duration-ms="1" status="PASS">
          <reporter-output>
          </reporter-output>
        </test-method> <!-- afterSuite -->
      </class> <!-- test.Testing1 -->
      <class name="test.Testing4">
        <test-method signature="homeTest()[pri:1, instance:test.Testing4@6236eb5f]" started-at="2020-12-05T17:11:22Z" name="homeTest" finished-at="2020-12-05T17:11:22Z" duration-ms="7" status="FAIL">
          <exception class="java.lang.AssertionError">
            <message>
              <![CDATA[Verifying Element expected [true] but found [false]]]>
            </message>
            <full-stacktrace>
              <![CDATA[java.lang.AssertionError: Verifying Element expected [true] but found [false]
at org.testng.Assert.fail(Assert.java:96)
at org.testng.Assert.failNotEquals(Assert.java:776)
at org.testng.Assert.assertTrue(Assert.java:44)
at test.Testing4.homeTest(Testing4.java:16)
at java.base/jdk.internal.reflect.NativeMethodAccessorImpl.invoke0(Native Method)
at java.base/jdk.internal.reflect.NativeMethodAccessorImpl.invoke(NativeMethodAccessorImpl.java:62)
at java.base/jdk.internal.reflect.DelegatingMethodAccessorImpl.invoke(DelegatingMethodAccessorImpl.java:43)
at java.base/java.lang.reflect.Method.invoke(Method.java:564)
at org.testng.internal.MethodInvocationHelper.invokeMethod(MethodInvocationHelper.java:124)
at org.testng.internal.Invoker.invokeMethod(Invoker.java:583)
at org.testng.internal.Invoker.invokeTestMethod(Invoker.java:719)
at org.testng.internal.Invoker.invokeTestMethods(Invoker.java:989)
at org.testng.internal.TestMethodWorker.invokeTestMethods(TestMethodWorker.java:125)
at org.testng.internal.TestMethodWorker.run(TestMethodWorker.java:109)
at org.testng.TestRunner.privateRun(TestRunner.java:648)
at org.testng.TestRunner.run(TestRunner.java:505)
at org.testng.SuiteRunner.runTest(SuiteRunner.java:455)
at org.testng.SuiteRunner.runSequentially(SuiteRunner.java:450)
at org.testng.SuiteRunner.privateRun(SuiteRunner.java:415)
at org.testng.SuiteRunner.run(SuiteRunner.java:364)
at org.testng.SuiteRunnerWorker.runSuite(SuiteRunnerWorker.java:52)
at org.testng.SuiteRunnerWorker.run(SuiteRunnerWorker.java:84)
at org.testng.TestNG.runSuitesSequentially(TestNG.java:1208)
at org.testng.TestNG.runSuitesLocally(TestNG.java:1137)
at org.testng.TestNG.runSuites(TestNG.java:1049)
at org.testng.TestNG.run(TestNG.java:1017)
at org.testng.remote.AbstractRemoteTestNG.run(AbstractRemoteTestNG.java:132)
at org.testng.remote.RemoteTestNG.initAndRun(RemoteTestNG.java:230)
at org.testng.remote.RemoteTestNG.main(RemoteTestNG.java:76)
]]>
            </full-stacktrace>
          </exception> <!-- java.lang.AssertionError -->
          <reporter-output>
          </reporter-output>
        </test-method> <!-- homeTest -->
        <test-method signature="mainTest()[pri:2, instance:test.Testing4@6236eb5f]" started-at="2020-12-05T17:11:22Z" name="mainTest" finished-at="2020-12-05T17:11:22Z" depends-on-methods="test.Testing4.homeTest" duration-ms="2" status="SKIP">
          <exception class="java.lang.Throwable">
            <message>
              <![CDATA[Method Testing4.mainTest()[pri:2, instance:test.Testing4@6236eb5f] depends on not successfully finished methods]]>
            </message>
            <full-stacktrace>
              <![CDATA[java.lang.Throwable: Method Testing4.mainTest()[pri:2, instance:test.Testing4@6236eb5f] depends on not successfully finished methods
at org.testng.internal.Invoker.invokeTestMethods(Invoker.java:888)
at org.testng.internal.TestMethodWorker.invokeTestMethods(TestMethodWorker.java:125)
at org.testng.internal.TestMethodWorker.run(TestMethodWorker.java:109)
at org.testng.TestRunner.privateRun(TestRunner.java:648)
at org.testng.TestRunner.run(TestRunner.java:505)
at org.testng.SuiteRunner.runTest(SuiteRunner.java:455)
at org.testng.SuiteRunner.runSequentially(SuiteRunner.java:450)
at org.testng.SuiteRunner.privateRun(SuiteRunner.java:415)
at org.testng.SuiteRunner.run(SuiteRunner.java:364)
at org.testng.SuiteRunnerWorker.runSuite(SuiteRunnerWorker.java:52)
at org.testng.SuiteRunnerWorker.run(SuiteRunnerWorker.java:84)
at org.testng.TestNG.runSuitesSequentially(TestNG.java:1208)
at org.testng.TestNG.runSuitesLocally(TestNG.java:1137)
at org.testng.TestNG.runSuites(TestNG.java:1049)
at org.testng.TestNG.run(TestNG.java:1017)
at org.testng.remote.AbstractRemoteTestNG.run(AbstractRemoteTestNG.java:132)
at org.testng.remote.RemoteTestNG.initAndRun(RemoteTestNG.java:230)
at org.testng.remote.RemoteTestNG.main(RemoteTestNG.java:76)
]]>
            </full-stacktrace>
          </exception> <!-- java.lang.Throwable -->
          <reporter-output>
          </reporter-output>
        </test-method> <!-- mainTest -->
        <test-method signature="deleteUser()[pri:3, instance:test.Testing4@6236eb5f]" started-at="2020-12-05T17:11:22Z" name="deleteUser" finished-at="2020-12-05T17:11:22Z" depends-on-methods="test.Testing4.mainTest" duration-ms="0" status="SKIP">
          <exception class="java.lang.Throwable">
            <message>
              <![CDATA[Method Testing4.deleteUser()[pri:3, instance:test.Testing4@6236eb5f] depends on not successfully finished methods]]>
            </message>
            <full-stacktrace>
              <![CDATA[java.lang.Throwable: Method Testing4.deleteUser()[pri:3, instance:test.Testing4@6236eb5f] depends on not successfully finished methods
at org.testng.internal.Invoker.invokeTestMethods(Invoker.java:888)
at org.testng.internal.TestMethodWorker.invokeTestMethods(TestMethodWorker.java:125)
at org.testng.internal.TestMethodWorker.run(TestMethodWorker.java:109)
at org.testng.TestRunner.privateRun(TestRunner.java:648)
at org.testng.TestRunner.run(TestRunner.java:505)
at org.testng.SuiteRunner.runTest(SuiteRunner.java:455)
at org.testng.SuiteRunner.runSequentially(SuiteRunner.java:450)
at org.testng.SuiteRunner.privateRun(SuiteRunner.java:415)
at org.testng.SuiteRunner.run(SuiteRunner.java:364)
at org.testng.SuiteRunnerWorker.runSuite(SuiteRunnerWorker.java:52)
at org.testng.SuiteRunnerWorker.run(SuiteRunnerWorker.java:84)
at org.testng.TestNG.runSuitesSequentially(TestNG.java:1208)
at org.testng.TestNG.runSuitesLocally(TestNG.java:1137)
at org.testng.TestNG.runSuites(TestNG.java:1049)
at org.testng.TestNG.run(TestNG.java:1017)
at org.testng.remote.AbstractRemoteTestNG.run(AbstractRemoteTestNG.java:132)
at org.testng.remote.RemoteTestNG.initAndRun(RemoteTestNG.java:230)
at org.testng.remote.RemoteTestNG.main(RemoteTestNG.java:76)
]]>
            </full-stacktrace>
          </exception> <!-- java.lang.Throwable -->
          <reporter-output>
          </reporter-output>
        </test-method> <!-- deleteUser -->
      </class> <!-- test.Testing4 -->
    </test> <!-- Test -->
  </suite> <!-- Suite -->
</testng-results>
